<?xml version="1.0" encoding="UTF-8"?>
<testng-results skipped="0" failed="0" ignored="0" total="1" passed="1">
  <reporter-output>
  </reporter-output>
  <suite name="Default suite" duration-ms="17905" started-at="2019-10-12T15:34:12 IST" finished-at="2019-10-12T15:34:30 IST">
    <groups>
    </groups>
    <test name="Default test" duration-ms="17905" started-at="2019-10-12T15:34:12 IST" finished-at="2019-10-12T15:34:30 IST">
      <class name="org.testleaf.acme.ACME">
        <test-method status="PASS" signature="acme()[pri:0, instance:org.testleaf.acme.ACME@5e853265]" name="acme" duration-ms="17703" started-at="2019-10-12T15:34:12 IST" finished-at="2019-10-12T15:34:30 IST">
          <reporter-output>
          </reporter-output>
        </test-method> <!-- acme -->
      </class> <!-- org.testleaf.acme.ACME -->
    </test> <!-- Default test -->
  </suite> <!-- Default suite -->
</testng-results>
